<?xml version="1.0" encoding="UTF-8"?>
<!-- Generated by org.testng.reporters.JUnitReportReporter -->
<testsuite hostname="DESKTOP-3MDQOH1" failures="0" tests="1" name="testclasses.FlipkartTest" time="13.113" errors="0" timestamp="2024-02-19T21:51:52 IST" skipped="0">
  <testcase classname="testclasses.FlipkartTest" name="FlipkartTestScenario" time="13.113"/>
</testsuite> <!-- testclasses.FlipkartTest -->
