<?xml version="1.0" encoding="UTF-8"?>
<!-- Generated by org.testng.reporters.JUnitReportReporter -->
<testsuite hostname="DESKTOP-3MDQOH1" failures="0" tests="4" name="browstack.BStackDemoTest" time="111.072" errors="0" timestamp="2024-02-20T19:16:02 IST" skipped="0">
  <testcase classname="browstack.BStackDemoTest" name="addProductToCart" time="24.100"/>
  <system-out/>
  <testcase classname="browstack.BStackDemoTest" name="addProductToCart" time="29.181"/>
  <system-out/>
  <testcase classname="browstack.BStackDemoTest" name="addProductToCart" time="21.979"/>
  <system-out/>
  <testcase classname="browstack.BStackDemoTest" name="addProductToCart" time="35.812"/>
  <system-out/>
</testsuite> <!-- browstack.BStackDemoTest -->
