<?xml version="1.0" encoding="UTF-8"?>
<!-- Generated by org.testng.reporters.JUnitReportReporter -->
<testsuite hostname="DESKTOP-3MDQOH1" failures="0" tests="4" name="browstack.BStackDemoTest" time="168.216" errors="0" timestamp="2024-02-20T22:09:14 IST" skipped="0">
  <testcase classname="browstack.BStackDemoTest" name="addProductToCart" time="21.259"/>
  <system-out/>
  <testcase classname="browstack.BStackDemoTest" name="addProductToCart" time="89.063"/>
  <system-out/>
  <testcase classname="browstack.BStackDemoTest" name="addProductToCart" time="27.323"/>
  <system-out/>
  <testcase classname="browstack.BStackDemoTest" name="addProductToCart" time="30.571"/>
  <system-out/>
</testsuite> <!-- browstack.BStackDemoTest -->
